libdbdict: error: virtual database 'Library' does not exist
libdbdict: error: virtual database 'Model' does not exist
reskit: getobjectparent(): illegal object id 0
reskit: addobject(): illegal parent id 0
reskit: setattributenr(): illegal object id 0
reskit: getattributenr(): illegal object id 0
reskit: setattributenr(): illegal object id 0
reskit: getattributenr(): illegal object id 0
reskit: getattributenr(): illegal object id 0
reskit: getattributenr(): illegal object id 0
reskit: getobjectparent(): illegal object id 0
reskit: addobject(): illegal parent id 0
reskit: setattributenr(): illegal object id 0
reskit: getattributenr(): illegal object id 0
reskit: setattributenr(): illegal object id 0
reskit: getattributenr(): illegal object id 0
reskit: getattributenr(): illegal object id 0
reskit: getattributenr(): illegal object id 0
reskit: getobjectparent(): illegal object id 0
reskit: addobject(): illegal parent id 0
reskit: setattributenr(): illegal object id 0
reskit: getattributenr(): illegal object id 0
reskit: setattributenr(): illegal object id 0
reskit: getattributenr(): illegal object id 0
reskit: getattributenr(): illegal object id 0
reskit: getattributenr(): illegal object id 0
reskit: getobjectparent(): illegal object id 0
reskit: addobject(): illegal parent id 0
reskit: setattributenr(): illegal object id 0
reskit: getattributenr(): illegal object id 0
reskit: setattributenr(): illegal object id 0
reskit: getattributenr(): illegal object id 0
reskit: getattributenr(): illegal object id 0
reskit: getattributenr(): illegal object id 0
reskit: getobjectparent(): illegal object id 0
reskit: addobject(): illegal parent id 0
reskit: setattributenr(): illegal object id 0
reskit: getattributenr(): illegal object id 0
reskit: setattributenr(): illegal object id 0
reskit: getattributenr(): illegal object id 0
reskit: getattributenr(): illegal object id 0
reskit: getattributenr(): illegal object id 0
reskit: getobjectparent(): illegal object id 0
reskit: addobject(): illegal parent id 0
reskit: setattributenr(): illegal object id 0
reskit: getattributenr(): illegal object id 0
reskit: setattributenr(): illegal object id 0
reskit: getattributenr(): illegal object id 0
reskit: getattributenr(): illegal object id 0
reskit: getattributenr(): illegal object id 0
reskit: getobjectparent(): illegal object id 0
reskit: addobject(): illegal parent id 0
reskit: setattributenr(): illegal object id 0
reskit: getattributenr(): illegal object id 0
reskit: setattributenr(): illegal object id 0
reskit: getattributenr(): illegal object id 0
reskit: getattributenr(): illegal object id 0
reskit: getattributenr(): illegal object id 0
reskit: getobjectparent(): illegal object id 0
reskit: addobject(): illegal parent id 0
reskit: setattributenr(): illegal object id 0
reskit: getattributenr(): illegal object id 0
reskit: setattributenr(): illegal object id 0
reskit: getattributenr(): illegal object id 0
reskit: getattributenr(): illegal object id 0
reskit: getattributenr(): illegal object id 0
reskit: getobjectparent(): illegal object id 0
reskit: addobject(): illegal parent id 0
reskit: setattributenr(): illegal object id 0
reskit: getattributenr(): illegal object id 0
reskit: setattributenr(): illegal object id 0
reskit: getattributenr(): illegal object id 0
reskit: getattributenr(): illegal object id 0
reskit: getattributenr(): illegal object id 0
reskit: getobjectparent(): illegal object id 0
reskit: addobject(): illegal parent id 0
reskit: setattributenr(): illegal object id 0
reskit: getattributenr(): illegal object id 0
reskit: setattributenr(): illegal object id 0
reskit: getattributenr(): illegal object id 0
reskit: getattributenr(): illegal object id 0
reskit: getattributenr(): illegal object id 0
reskit: getobjectparent(): illegal object id 0
reskit: addobject(): illegal parent id 0
reskit: setattributenr(): illegal object id 0
reskit: getattributenr(): illegal object id 0
reskit: setattributenr(): illegal object id 0
reskit: getattributenr(): illegal object id 0
reskit: getattributenr(): illegal object id 0
reskit: getattributenr(): illegal object id 0
reskit: getobjecttype(): illegal object id 0
reskit: getobjectname(): illegal object id 0
reskit: getobjecttype(): illegal object id 0
reskit: getobjecttype(): illegal object id 0
reskit: getobjecttype(): illegal object id 0
reskit: getobjecttype(): illegal object id 0
reskit: getobjecttype(): illegal object id 0
reskit: getobjecttype(): illegal object id 0
reskit: getobjectname(): illegal object id 0
reskit: getobjecttype(): illegal object id 0
reskit: getobjecttype(): illegal object id 0
reskit: getobjecttype(): illegal object id 0
reskit: getobjecttype(): illegal object id 0
reskit: getobjecttype(): illegal object id 0
reskit: getobjecttype(): illegal object id 0
reskit: getobjectname(): illegal object id 0
reskit: getobjecttype(): illegal object id 0
reskit: getobjecttype(): illegal object id 0
reskit: getobjecttype(): illegal object id 0
reskit: getobjecttype(): illegal object id 0
reskit: getobjecttype(): illegal object id 0
reskit: getobjecttype(): illegal object id 0
reskit: getobjectname(): illegal object id 0
reskit: getobjecttype(): illegal object id 0
reskit: getobjecttype(): illegal object id 0
reskit: getobjecttype(): illegal object id 0
reskit: getobjecttype(): illegal object id 0
reskit: getobjecttype(): illegal object id 0
reskit: getobjecttype(): illegal object id 0
reskit: getobjectname(): illegal object id 0
reskit: getobjecttype(): illegal object id 0
reskit: getobjecttype(): illegal object id 0
reskit: getobjecttype(): illegal object id 0
reskit: getobjecttype(): illegal object id 0
reskit: getobjecttype(): illegal object id 0
reskit: getobjecttype(): illegal object id 0
reskit: getobjectname(): illegal object id 0
reskit: getobjecttype(): illegal object id 0
reskit: getobjecttype(): illegal object id 0
reskit: getobjecttype(): illegal object id 0
reskit: getobjecttype(): illegal object id 0
reskit: getobjecttype(): illegal object id 0
reskit: getobjecttype(): illegal object id 0
reskit: getobjecttype(): illegal object id 0
reskit: getobjectname(): illegal object id 0
reskit: getobjecttype(): illegal object id 0
reskit: getobjecttype(): illegal object id 0
reskit: getobjecttype(): illegal object id 0
reskit: getobjecttype(): illegal object id 0
reskit: getobjecttype(): illegal object id 0
reskit: getobjecttype(): illegal object id 0
reskit: getobjecttype(): illegal object id 0
reskit: getobjecttype(): illegal object id 0
reskit: getobjecttype(): illegal object id 0
reskit: getobjectname(): illegal object id 0
reskit: getobjecttype(): illegal object id 0
reskit: getobjecttype(): illegal object id 0
reskit: getobjecttype(): illegal object id 0
reskit: getobjecttype(): illegal object id 0
reskit: getobjecttype(): illegal object id 0
reskit: getobjecttype(): illegal object id 0
reskit: getobjectname(): illegal object id 0
reskit: getobjecttype(): illegal object id 0
reskit: getobjecttype(): illegal object id 0
reskit: getobjecttype(): illegal object id 0
reskit: getobjecttype(): illegal object id 0
reskit: getobjecttype(): illegal object id 0
reskit: getobjecttype(): illegal object id 0
reskit: getobjectname(): illegal object id 0
reskit: getobjecttype(): illegal object id 0
reskit: getobjecttype(): illegal object id 0
reskit: getobjecttype(): illegal object id 0
reskit: getobjecttype(): illegal object id 0
reskit: getobjecttype(): illegal object id 0
reskit: getobjecttype(): illegal object id 0
reskit: getobjectname(): illegal object id 0
reskit: getobjecttype(): illegal object id 0
reskit: getobjecttype(): illegal object id 0
reskit: getobjecttype(): illegal object id 0
reskit: getobjecttype(): illegal object id 0
reskit: getobjecttype(): illegal object id 0
reskit: getobjecttype(): illegal object id 0
reskit: getobjecttype(): illegal object id 0
reskit: getobjecttype(): illegal object id 0
reskit: getobjecttype(): illegal object id 0
reskit: getobjecttype(): illegal object id 0
reskit: getobjecttype(): illegal object id 0
reskit: getobjecttype(): illegal object id 0
reskit: getobjecttype(): illegal object id 0
reskit: getobjecttype(): illegal object id 0
reskit: getobjecttype(): illegal object id 0
reskit: getobjecttype(): illegal object id 0
reskit: getobjecttype(): illegal object id 0
reskit: getobjecttype(): illegal object id 0
reskit: getobjecttype(): illegal object id 0
reskit: getobjecttype(): illegal object id 0
reskit: getobjecttype(): illegal object id 0
reskit: getobjecttype(): illegal object id 0
reskit: getobjecttype(): illegal object id 0
reskit: getobjecttype(): illegal object id 0
reskit: getobjecttype(): illegal object id 0
reskit: getobjecttype(): illegal object id 0
reskit: getobjecttype(): illegal object id 0
reskit: getobjecttype(): illegal object id 0
reskit: getobjecttype(): illegal object id 0
reskit: getobjecttype(): illegal object id 0
reskit: getobjecttype(): illegal object id 0
reskit: getobjecttype(): illegal object id 0
reskit: getobjecttype(): illegal object id 0
reskit: getobjecttype(): illegal object id 0
reskit: getobjecttype(): illegal object id 0
reskit: getobjecttype(): illegal object id 0
reskit: getobjecttype(): illegal object id 0
reskit: getobjecttype(): illegal object id 0
reskit: getobjecttype(): illegal object id 0
reskit: getobjecttype(): illegal object id 0
reskit: getobjecttype(): illegal object id 0
reskit: getobjecttype(): illegal object id 0
reskit: getobjecttype(): illegal object id 0
reskit: getobjecttype(): illegal object id 0
reskit: getobjecttype(): illegal object id 0
reskit: getobjecttype(): illegal object id 0
reskit: getobjecttype(): illegal object id 0
reskit: getobjecttype(): illegal object id 0
reskit: getobjecttype(): illegal object id 0
reskit: getobjecttype(): illegal object id 0
reskit: getobjecttype(): illegal object id 0
reskit: getobjecttype(): illegal object id 0
reskit: getobjecttype(): illegal object id 0
reskit: getobjecttype(): illegal object id 0
reskit: getobjecttype(): illegal object id 0
reskit: getobjecttype(): illegal object id 0
reskit: getobjecttype(): illegal object id 0
reskit: getobjecttype(): illegal object id 0
reskit: getobjecttype(): illegal object id 0
reskit: getobjecttype(): illegal object id 0
reskit: getobjecttype(): illegal object id 0
reskit: getobjecttype(): illegal object id 0
reskit: getobjecttype(): illegal object id 0
reskit: getobjecttype(): illegal object id 0
reskit: getobjecttype(): illegal object id 0
reskit: getobjecttype(): illegal object id 0
reskit: getobjecttype(): illegal object id 0
reskit: getobjecttype(): illegal object id 0
reskit: getobjecttype(): illegal object id 0
reskit: getobjecttype(): illegal object id 0
reskit: getobjecttype(): illegal object id 0
reskit: getobjecttype(): illegal object id 0
reskit: getobjecttype(): illegal object id 0
reskit: getobjecttype(): illegal object id 0
reskit: getobjecttype(): illegal object id 0
reskit: getobjecttype(): illegal object id 0
reskit: getobjecttype(): illegal object id 0
reskit: getobjecttype(): illegal object id 0
reskit: getobjecttype(): illegal object id 0
reskit: getobjecttype(): illegal object id 0
reskit: getobjecttype(): illegal object id 0
reskit: getobjecttype(): illegal object id 0
reskit: getobjecttype(): illegal object id 0
reskit: getobjectname(): illegal object id 0
reskit: getobjectname(): illegal object id 0
reskit: getobjecttype(): illegal object id 0
reskit: getobjectname(): illegal object id 0
reskit: getobjecttype(): illegal object id 0
reskit: getobjecttype(): illegal object id 0
reskit: getobjecttype(): illegal object id 0
reskit: getobjecttype(): illegal object id 0
reskit: getobjecttype(): illegal object id 0
reskit: getobjecttype(): illegal object id 0
reskit: getobjectname(): illegal object id 0
reskit: getobjecttype(): illegal object id 0
reskit: getobjecttype(): illegal object id 0
reskit: getobjecttype(): illegal object id 0
reskit: getobjecttype(): illegal object id 0
reskit: getobjecttype(): illegal object id 0
reskit: getobjecttype(): illegal object id 0
reskit: getobjectname(): illegal object id 0
reskit: getobjecttype(): illegal object id 0
reskit: getobjecttype(): illegal object id 0
reskit: getobjecttype(): illegal object id 0
reskit: getobjecttype(): illegal object id 0
reskit: getobjecttype(): illegal object id 0
reskit: getobjecttype(): illegal object id 0
reskit: getobjectname(): illegal object id 0
reskit: getobjecttype(): illegal object id 0
reskit: getobjecttype(): illegal object id 0
reskit: getobjecttype(): illegal object id 0
reskit: getobjecttype(): illegal object id 0
reskit: getobjecttype(): illegal object id 0
reskit: getattributenr(): illegal object id 184791
reskit: getobjecttype(): illegal object id 0
reskit: getobjectname(): illegal object id 0
reskit: getobjecttype(): illegal object id 0
reskit: getobjecttype(): illegal object id 0
reskit: getobjecttype(): illegal object id 0
reskit: getobjecttype(): illegal object id 0
reskit: getobjecttype(): illegal object id 0
reskit: getobjecttype(): illegal object id 0
reskit: getobjectname(): illegal object id 0
reskit: getobjecttype(): illegal object id 0
reskit: getobjecttype(): illegal object id 0
reskit: getobjecttype(): illegal object id 0
reskit: getobjecttype(): illegal object id 0
reskit: getobjecttype(): illegal object id 0
reskit: getobjecttype(): illegal object id 0
reskit: getobjectname(): illegal object id 0
reskit: getobjecttype(): illegal object id 0
reskit: getobjecttype(): illegal object id 0
reskit: getobjecttype(): illegal object id 0
reskit: getobjecttype(): illegal object id 0
reskit: getobjecttype(): illegal object id 0
reskit: getobjecttype(): illegal object id 0
reskit: getobjectname(): illegal object id 0
reskit: getobjecttype(): illegal object id 0
reskit: getobjecttype(): illegal object id 0
reskit: getobjecttype(): illegal object id 0
reskit: getobjecttype(): illegal object id 0
reskit: getobjecttype(): illegal object id 0
reskit: getobjecttype(): illegal object id 0
reskit: getobjectname(): illegal object id 0
reskit: getobjecttype(): illegal object id 0
reskit: getobjecttype(): illegal object id 0
reskit: getobjecttype(): illegal object id 0
reskit: getobjecttype(): illegal object id 0
reskit: getobjecttype(): illegal object id 0
reskit: getobjecttype(): illegal object id 0
reskit: getobjectname(): illegal object id 0
reskit: getobjecttype(): illegal object id 0
reskit: getobjecttype(): illegal object id 0
reskit: getobjecttype(): illegal object id 0
reskit: getobjecttype(): illegal object id 0
reskit: getobjecttype(): illegal object id 0
reskit: getobjecttype(): illegal object id 0
reskit: getobjecttype(): illegal object id 0
reskit: getobjectname(): illegal object id 0
reskit: getobjecttype(): illegal object id 0
reskit: getobjecttype(): illegal object id 0
reskit: getobjecttype(): illegal object id 0
reskit: getobjecttype(): illegal object id 0
reskit: getobjecttype(): illegal object id 0
reskit: getobjecttype(): illegal object id 0
reskit: getobjecttype(): illegal object id 0
reskit: getobjecttype(): illegal object id 0
reskit: getobjecttype(): illegal object id 0
reskit: getobjectname(): illegal object id 0
reskit: getobjecttype(): illegal object id 0
reskit: getobjecttype(): illegal object id 0
reskit: getobjecttype(): illegal object id 0
reskit: getobjecttype(): illegal object id 0
reskit: getobjecttype(): illegal object id 0
reskit: getobjecttype(): illegal object id 0
reskit: getobjectname(): illegal object id 0
reskit: getobjecttype(): illegal object id 0
reskit: getobjecttype(): illegal object id 0
reskit: getobjecttype(): illegal object id 0
reskit: getobjecttype(): illegal object id 0
reskit: getobjecttype(): illegal object id 0
reskit: getobjecttype(): illegal object id 0
reskit: getobjectname(): illegal object id 0
reskit: getobjecttype(): illegal object id 0
reskit: getobjecttype(): illegal object id 0
reskit: getobjecttype(): illegal object id 0
reskit: getobjecttype(): illegal object id 0
reskit: getobjecttype(): illegal object id 0
reskit: getobjecttype(): illegal object id 0
reskit: getobjectname(): illegal object id 0
reskit: getobjecttype(): illegal object id 0
reskit: getobjecttype(): illegal object id 0
reskit: getobjecttype(): illegal object id 0
reskit: getobjecttype(): illegal object id 0
reskit: getobjecttype(): illegal object id 0
reskit: getobjecttype(): illegal object id 0
reskit: getobjecttype(): illegal object id 0
reskit: getobjecttype(): illegal object id 0
reskit: getobjecttype(): illegal object id 0
reskit: getobjecttype(): illegal object id 0
reskit: getobjecttype(): illegal object id 0
reskit: getobjecttype(): illegal object id 0
reskit: getobjectname(): illegal object id 0
reskit: getobjecttype(): illegal object id 0
reskit: getobjecttype(): illegal object id 0
reskit: getobjecttype(): illegal object id 0
reskit: getobjecttype(): illegal object id 0
reskit: getobjecttype(): illegal object id 0
reskit: getobjecttype(): illegal object id 0
reskit: getobjectname(): illegal object id 0
reskit: getobjecttype(): illegal object id 0
reskit: getobjecttype(): illegal object id 0
reskit: getobjecttype(): illegal object id 0
reskit: getobjecttype(): illegal object id 0
reskit: getobjecttype(): illegal object id 0
reskit: getobjecttype(): illegal object id 0
reskit: getobjectname(): illegal object id 0
reskit: getobjecttype(): illegal object id 0
reskit: getobjecttype(): illegal object id 0
reskit: getobjecttype(): illegal object id 0
reskit: getobjecttype(): illegal object id 0
reskit: getobjecttype(): illegal object id 0
reskit: getobjecttype(): illegal object id 0
reskit: getobjectname(): illegal object id 0
reskit: getobjecttype(): illegal object id 0
reskit: getobjecttype(): illegal object id 0
reskit: getobjecttype(): illegal object id 0
reskit: getobjecttype(): illegal object id 0
reskit: getobjecttype(): illegal object id 0
reskit: getattributenr(): illegal object id 184961
reskit: getobjecttype(): illegal object id 0
reskit: getobjectname(): illegal object id 0
reskit: getobjecttype(): illegal object id 0
reskit: getobjecttype(): illegal object id 0
reskit: getobjecttype(): illegal object id 0
reskit: getobjecttype(): illegal object id 0
reskit: getobjecttype(): illegal object id 0
reskit: getobjecttype(): illegal object id 0
reskit: getobjectname(): illegal object id 0
reskit: getobjecttype(): illegal object id 0
reskit: getobjecttype(): illegal object id 0
reskit: getobjecttype(): illegal object id 0
reskit: getobjecttype(): illegal object id 0
reskit: getobjecttype(): illegal object id 0
reskit: getobjecttype(): illegal object id 0
reskit: getobjectname(): illegal object id 0
reskit: getobjecttype(): illegal object id 0
reskit: getobjecttype(): illegal object id 0
reskit: getobjecttype(): illegal object id 0
reskit: getobjecttype(): illegal object id 0
reskit: getobjecttype(): illegal object id 0
reskit: getobjecttype(): illegal object id 0
reskit: getobjectname(): illegal object id 0
reskit: getobjecttype(): illegal object id 0
reskit: getobjecttype(): illegal object id 0
reskit: getobjecttype(): illegal object id 0
reskit: getobjecttype(): illegal object id 0
reskit: getobjecttype(): illegal object id 0
reskit: getobjecttype(): illegal object id 0
reskit: getobjectname(): illegal object id 0
reskit: getobjecttype(): illegal object id 0
reskit: getobjecttype(): illegal object id 0
reskit: getobjecttype(): illegal object id 0
reskit: getobjecttype(): illegal object id 0
reskit: getobjecttype(): illegal object id 0
reskit: getobjecttype(): illegal object id 0
reskit: getobjectname(): illegal object id 0
reskit: getobjecttype(): illegal object id 0
reskit: getobjecttype(): illegal object id 0
reskit: getobjecttype(): illegal object id 0
reskit: getobjecttype(): illegal object id 0
reskit: getobjecttype(): illegal object id 0
reskit: getobjecttype(): illegal object id 0
reskit: getobjecttype(): illegal object id 0
reskit: getobjectname(): illegal object id 0
reskit: getobjecttype(): illegal object id 0
reskit: getobjecttype(): illegal object id 0
reskit: getobjecttype(): illegal object id 0
reskit: getobjecttype(): illegal object id 0
reskit: getobjecttype(): illegal object id 0
reskit: getobjecttype(): illegal object id 0
reskit: getobjecttype(): illegal object id 0
reskit: getobjecttype(): illegal object id 0
reskit: getobjecttype(): illegal object id 0
reskit: getobjectname(): illegal object id 0
reskit: getobjecttype(): illegal object id 0
reskit: getobjecttype(): illegal object id 0
reskit: getobjecttype(): illegal object id 0
reskit: getobjecttype(): illegal object id 0
reskit: getobjecttype(): illegal object id 0
reskit: getobjecttype(): illegal object id 0
reskit: getobjectname(): illegal object id 0
reskit: getobjecttype(): illegal object id 0
reskit: getobjecttype(): illegal object id 0
reskit: getobjecttype(): illegal object id 0
reskit: getobjecttype(): illegal object id 0
reskit: getobjecttype(): illegal object id 0
reskit: getobjecttype(): illegal object id 0
reskit: getobjectname(): illegal object id 0
reskit: getobjecttype(): illegal object id 0
reskit: getobjecttype(): illegal object id 0
reskit: getobjecttype(): illegal object id 0
reskit: getobjecttype(): illegal object id 0
reskit: getobjecttype(): illegal object id 0
reskit: getobjecttype(): illegal object id 0
reskit: getobjectname(): illegal object id 0
reskit: getobjecttype(): illegal object id 0
reskit: getobjecttype(): illegal object id 0
reskit: getobjecttype(): illegal object id 0
reskit: getobjecttype(): illegal object id 0
reskit: getobjecttype(): illegal object id 0
reskit: getobjecttype(): illegal object id 0
reskit: getobjecttype(): illegal object id 0
reskit: getobjecttype(): illegal object id 0
reskit: getobjecttype(): illegal object id 0
reskit: getobjecttype(): illegal object id 0
reskit: getobjecttype(): illegal object id 0
reskit: getobjecttype(): illegal object id 0
reskit: getobjectname(): illegal object id 0
reskit: getobjecttype(): illegal object id 0
reskit: getobjecttype(): illegal object id 0
reskit: getobjecttype(): illegal object id 0
reskit: getobjecttype(): illegal object id 0
reskit: getobjecttype(): illegal object id 0
reskit: getobjecttype(): illegal object id 0
reskit: getobjectname(): illegal object id 0
reskit: getobjecttype(): illegal object id 0
reskit: getobjecttype(): illegal object id 0
reskit: getobjecttype(): illegal object id 0
reskit: getobjecttype(): illegal object id 0
reskit: getobjecttype(): illegal object id 0
reskit: getobjecttype(): illegal object id 0
reskit: getobjectname(): illegal object id 0
reskit: getobjecttype(): illegal object id 0
reskit: getobjecttype(): illegal object id 0
reskit: getobjecttype(): illegal object id 0
reskit: getobjecttype(): illegal object id 0
reskit: getobjecttype(): illegal object id 0
reskit: getobjecttype(): illegal object id 0
reskit: getobjectname(): illegal object id 0
reskit: getobjecttype(): illegal object id 0
reskit: getobjecttype(): illegal object id 0
reskit: getobjecttype(): illegal object id 0
reskit: getobjecttype(): illegal object id 0
reskit: getobjecttype(): illegal object id 0
reskit: getattributenr(): illegal object id 185131
reskit: getobjecttype(): illegal object id 0
reskit: getobjectname(): illegal object id 0
reskit: getobjecttype(): illegal object id 0
reskit: getobjecttype(): illegal object id 0
reskit: getobjecttype(): illegal object id 0
reskit: getobjecttype(): illegal object id 0
reskit: getobjecttype(): illegal object id 0
reskit: getobjecttype(): illegal object id 0
reskit: getobjectname(): illegal object id 0
reskit: getobjecttype(): illegal object id 0
reskit: getobjecttype(): illegal object id 0
reskit: getobjecttype(): illegal object id 0
reskit: getobjecttype(): illegal object id 0
reskit: getobjecttype(): illegal object id 0
reskit: getobjecttype(): illegal object id 0
reskit: getobjectname(): illegal object id 0
reskit: getobjecttype(): illegal object id 0
reskit: getobjecttype(): illegal object id 0
reskit: getobjecttype(): illegal object id 0
reskit: getobjecttype(): illegal object id 0
reskit: getobjecttype(): illegal object id 0
reskit: getobjecttype(): illegal object id 0
reskit: getobjectname(): illegal object id 0
reskit: getobjecttype(): illegal object id 0
reskit: getobjecttype(): illegal object id 0
reskit: getobjecttype(): illegal object id 0
reskit: getobjecttype(): illegal object id 0
reskit: getobjecttype(): illegal object id 0
reskit: getobjecttype(): illegal object id 0
reskit: getobjectname(): illegal object id 0
reskit: getobjecttype(): illegal object id 0
reskit: getobjecttype(): illegal object id 0
reskit: getobjecttype(): illegal object id 0
reskit: getobjecttype(): illegal object id 0
reskit: getobjecttype(): illegal object id 0
reskit: getobjecttype(): illegal object id 0
reskit: getobjectname(): illegal object id 0
reskit: getobjecttype(): illegal object id 0
reskit: getobjecttype(): illegal object id 0
reskit: getobjecttype(): illegal object id 0
reskit: getobjecttype(): illegal object id 0
reskit: getobjecttype(): illegal object id 0
reskit: getobjecttype(): illegal object id 0
reskit: getobjecttype(): illegal object id 0
reskit: getobjectname(): illegal object id 0
reskit: getobjecttype(): illegal object id 0
reskit: getobjecttype(): illegal object id 0
reskit: getobjecttype(): illegal object id 0
reskit: getobjecttype(): illegal object id 0
reskit: getobjecttype(): illegal object id 0
reskit: getobjecttype(): illegal object id 0
reskit: getobjecttype(): illegal object id 0
reskit: getobjecttype(): illegal object id 0
reskit: getobjecttype(): illegal object id 0
reskit: getobjectname(): illegal object id 0
reskit: getobjecttype(): illegal object id 0
reskit: getobjecttype(): illegal object id 0
reskit: getobjecttype(): illegal object id 0
reskit: getobjecttype(): illegal object id 0
reskit: getobjecttype(): illegal object id 0
reskit: getobjecttype(): illegal object id 0
reskit: getobjectname(): illegal object id 0
reskit: getobjecttype(): illegal object id 0
reskit: getobjecttype(): illegal object id 0
reskit: getobjecttype(): illegal object id 0
reskit: getobjecttype(): illegal object id 0
reskit: getobjecttype(): illegal object id 0
reskit: getobjecttype(): illegal object id 0
reskit: getobjectname(): illegal object id 0
reskit: getobjecttype(): illegal object id 0
reskit: getobjecttype(): illegal object id 0
reskit: getobjecttype(): illegal object id 0
reskit: getobjecttype(): illegal object id 0
reskit: getobjecttype(): illegal object id 0
reskit: getobjecttype(): illegal object id 0
reskit: getobjectname(): illegal object id 0
reskit: getobjecttype(): illegal object id 0
reskit: getobjecttype(): illegal object id 0
reskit: getobjecttype(): illegal object id 0
reskit: getobjecttype(): illegal object id 0
reskit: getobjecttype(): illegal object id 0
reskit: getobjecttype(): illegal object id 0
reskit: getobjecttype(): illegal object id 0
reskit: getobjecttype(): illegal object id 0
reskit: getobjecttype(): illegal object id 0
reskit: getobjecttype(): illegal object id 0
reskit: getobjecttype(): illegal object id 0
libdbdict: error: virtual database 'MasterModel' does not exist
